outcome classes: [0 1 2]
fitting the grid search
Time elapsed: 0:00:00
Written to: residency_noncompete_admissions_rf_grid.pkl.z in pkls
outcome classes: [0 1 2]
fitting the grid search
Time elapsed: 0:00:00
Written to: residency_noncompete_admissions_inschool_rf_grid.pkl.z in pkls
outcome classes: [0 1 2]
fitting the grid search
Time elapsed: 0:00:00
Written to: residency_top_25_admissions_rf_grid.pkl.z in pkls
outcome classes: [0 1 2]
fitting the grid search
Time elapsed: 0:00:00
Written to: residency_top_25_admissions_inschool_rf_grid.pkl.z in pkls
outcome classes: [0 1]
fitting the grid search
Time elapsed: 0:00:00
outcome classes: [0 1]
fitting the grid search
Time elapsed: 0:00:00
outcome classes: [0 1 2]
fitting the grid search
Time elapsed: 0:00:01
Written to: step1_admissions_rf_grid.pkl.z in pkls
outcome classes: [0 1 2]
fitting the grid search
Time elapsed: 0:00:00
Written to: step1_admissions_inschool_rf_grid.pkl.z in pkls
outcome classes: [0 1 2]
fitting the grid search
Time elapsed: 0:00:00
Written to: step2_admissions_rf_grid.pkl.z in pkls
outcome classes: [0 1 2]
fitting the grid search
Time elapsed: 0:00:00
Written to: step2_admissions_inschool_rf_grid.pkl.z in pkls
